[05-Aug-2025 07:52:23 UTC] PHP Deprecated:  strpos(): Passing null to parameter #1 ($haystack) of type string is deprecated in C:\Users\shaku\Local Sites\viet-sport\app\public\wp-content\themes\swell\lib\activate.php on line 10
[05-Aug-2025 09:18:14 UTC] PHP Warning:  Undefined variable $logo_url in C:\Users\shaku\Local Sites\viet-sport\app\public\wp-content\themes\swell_child\header-match.php on line 12
[05-Aug-2025 09:18:14 UTC] PHP Deprecated:  ltrim(): Passing null to parameter #1 ($string) of type string is deprecated in C:\Users\shaku\Local Sites\viet-sport\app\public\wp-includes\formatting.php on line 4476
[05-Aug-2025 09:20:05 UTC] PHP Warning:  Undefined variable $logo_url in C:\Users\shaku\Local Sites\viet-sport\app\public\wp-content\themes\swell_child\header-match.php on line 12
[05-Aug-2025 09:20:05 UTC] PHP Deprecated:  ltrim(): Passing null to parameter #1 ($string) of type string is deprecated in C:\Users\shaku\Local Sites\viet-sport\app\public\wp-includes\formatting.php on line 4476
[05-Aug-2025 09:20:09 UTC] PHP Warning:  Undefined variable $logo_url in C:\Users\shaku\Local Sites\viet-sport\app\public\wp-content\themes\swell_child\header-match.php on line 12
[05-Aug-2025 09:20:09 UTC] PHP Deprecated:  ltrim(): Passing null to parameter #1 ($string) of type string is deprecated in C:\Users\shaku\Local Sites\viet-sport\app\public\wp-includes\formatting.php on line 4476
[05-Aug-2025 09:20:13 UTC] PHP Warning:  Undefined variable $logo_url in C:\Users\shaku\Local Sites\viet-sport\app\public\wp-content\themes\swell_child\header-match.php on line 12
[05-Aug-2025 09:20:13 UTC] PHP Deprecated:  ltrim(): Passing null to parameter #1 ($string) of type string is deprecated in C:\Users\shaku\Local Sites\viet-sport\app\public\wp-includes\formatting.php on line 4476
[05-Aug-2025 09:23:29 UTC] PHP Warning:  The use statement with non-compound name 'SWELL_Theme' has no effect in C:\Users\shaku\Local Sites\viet-sport\app\public\wp-content\themes\swell_child\header-match.php on line 27
[05-Aug-2025 09:23:29 UTC] PHP Warning:  Undefined variable $logo_url in C:\Users\shaku\Local Sites\viet-sport\app\public\wp-content\themes\swell_child\header-match.php on line 12
[05-Aug-2025 09:23:29 UTC] PHP Deprecated:  ltrim(): Passing null to parameter #1 ($string) of type string is deprecated in C:\Users\shaku\Local Sites\viet-sport\app\public\wp-includes\formatting.php on line 4476
[05-Aug-2025 09:23:32 UTC] PHP Warning:  Undefined variable $logo_url in C:\Users\shaku\Local Sites\viet-sport\app\public\wp-content\themes\swell_child\header-match.php on line 12
[05-Aug-2025 09:23:32 UTC] PHP Deprecated:  ltrim(): Passing null to parameter #1 ($string) of type string is deprecated in C:\Users\shaku\Local Sites\viet-sport\app\public\wp-includes\formatting.php on line 4476
[05-Aug-2025 09:29:53 UTC] PHP Warning:  Undefined variable $logo_url in C:\Users\shaku\Local Sites\viet-sport\app\public\wp-content\themes\swell_child\header-match.php on line 22
[05-Aug-2025 09:35:53 UTC] PHP Warning:  Undefined variable $logo_url in C:\Users\shaku\Local Sites\viet-sport\app\public\wp-content\themes\swell_child\header-match.php on line 24
[05-Aug-2025 09:36:06 UTC] PHP Warning:  Undefined variable $logo_url in C:\Users\shaku\Local Sites\viet-sport\app\public\wp-content\themes\swell_child\header-match.php on line 24
[05-Aug-2025 09:37:29 UTC] PHP Warning:  Undefined variable $logo_url in C:\Users\shaku\Local Sites\viet-sport\app\public\wp-content\themes\swell_child\header-match.php on line 24
[05-Aug-2025 09:48:49 UTC] PHP Fatal error:  Uncaught Error: Call to undefined method SWELL_Theme::get_logo_img() in C:\Users\shaku\Local Sites\viet-sport\app\public\wp-content\themes\swell_child\header-match.php:33
Stack trace:
#0 C:\Users\shaku\Local Sites\viet-sport\app\public\wp-includes\template.php(810): require_once()
#1 C:\Users\shaku\Local Sites\viet-sport\app\public\wp-includes\template.php(745): load_template('C:\\Users\\shaku\\...', true, Array)
#2 C:\Users\shaku\Local Sites\viet-sport\app\public\wp-includes\general-template.php(48): locate_template(Array, true, true, Array)
#3 C:\Users\shaku\Local Sites\viet-sport\app\public\wp-content\themes\swell_child\page-search-match.php(9): get_header('match')
#4 C:\Users\shaku\Local Sites\viet-sport\app\public\wp-includes\template-loader.php(106): include('C:\\Users\\shaku\\...')
#5 C:\Users\shaku\Local Sites\viet-sport\app\public\wp-blog-header.php(19): require_once('C:\\Users\\shaku\\...')
#6 C:\Users\shaku\Local Sites\viet-sport\app\public\index.php(17): require('C:\\Users\\shaku\\...')
#7 {main}
  thrown in C:\Users\shaku\Local Sites\viet-sport\app\public\wp-content\themes\swell_child\header-match.php on line 33
[05-Aug-2025 09:48:56 UTC] PHP Fatal error:  Uncaught Error: Call to undefined method SWELL_Theme::get_logo_img() in C:\Users\shaku\Local Sites\viet-sport\app\public\wp-content\themes\swell_child\header-match.php:33
Stack trace:
#0 C:\Users\shaku\Local Sites\viet-sport\app\public\wp-includes\template.php(810): require_once()
#1 C:\Users\shaku\Local Sites\viet-sport\app\public\wp-includes\template.php(745): load_template('C:\\Users\\shaku\\...', true, Array)
#2 C:\Users\shaku\Local Sites\viet-sport\app\public\wp-includes\general-template.php(48): locate_template(Array, true, true, Array)
#3 C:\Users\shaku\Local Sites\viet-sport\app\public\wp-content\themes\swell_child\page-search-match.php(9): get_header('match')
#4 C:\Users\shaku\Local Sites\viet-sport\app\public\wp-includes\template-loader.php(106): include('C:\\Users\\shaku\\...')
#5 C:\Users\shaku\Local Sites\viet-sport\app\public\wp-blog-header.php(19): require_once('C:\\Users\\shaku\\...')
#6 C:\Users\shaku\Local Sites\viet-sport\app\public\index.php(17): require('C:\\Users\\shaku\\...')
#7 {main}
  thrown in C:\Users\shaku\Local Sites\viet-sport\app\public\wp-content\themes\swell_child\header-match.php on line 33
[05-Aug-2025 09:49:08 UTC] PHP Fatal error:  Uncaught Error: Call to undefined method SWELL_Theme::get_logo_img() in C:\Users\shaku\Local Sites\viet-sport\app\public\wp-content\themes\swell_child\header-match.php:33
Stack trace:
#0 C:\Users\shaku\Local Sites\viet-sport\app\public\wp-includes\template.php(810): require_once()
#1 C:\Users\shaku\Local Sites\viet-sport\app\public\wp-includes\template.php(745): load_template('C:\\Users\\shaku\\...', true, Array)
#2 C:\Users\shaku\Local Sites\viet-sport\app\public\wp-includes\general-template.php(48): locate_template(Array, true, true, Array)
#3 C:\Users\shaku\Local Sites\viet-sport\app\public\wp-content\themes\swell_child\page-search-match.php(9): get_header('match')
#4 C:\Users\shaku\Local Sites\viet-sport\app\public\wp-includes\template-loader.php(106): include('C:\\Users\\shaku\\...')
#5 C:\Users\shaku\Local Sites\viet-sport\app\public\wp-blog-header.php(19): require_once('C:\\Users\\shaku\\...')
#6 C:\Users\shaku\Local Sites\viet-sport\app\public\index.php(17): require('C:\\Users\\shaku\\...')
#7 {main}
  thrown in C:\Users\shaku\Local Sites\viet-sport\app\public\wp-content\themes\swell_child\header-match.php on line 33
[05-Aug-2025 09:49:57 UTC] PHP Fatal error:  Uncaught Error: Call to undefined method SWELL_Theme::get_logo_img() in C:\Users\shaku\Local Sites\viet-sport\app\public\wp-content\themes\swell_child\header-match.php:33
Stack trace:
#0 C:\Users\shaku\Local Sites\viet-sport\app\public\wp-includes\template.php(810): require_once()
#1 C:\Users\shaku\Local Sites\viet-sport\app\public\wp-includes\template.php(745): load_template('C:\\Users\\shaku\\...', true, Array)
#2 C:\Users\shaku\Local Sites\viet-sport\app\public\wp-includes\general-template.php(48): locate_template(Array, true, true, Array)
#3 C:\Users\shaku\Local Sites\viet-sport\app\public\wp-content\themes\swell_child\page-search-match.php(9): get_header('match')
#4 C:\Users\shaku\Local Sites\viet-sport\app\public\wp-includes\template-loader.php(106): include('C:\\Users\\shaku\\...')
#5 C:\Users\shaku\Local Sites\viet-sport\app\public\wp-blog-header.php(19): require_once('C:\\Users\\shaku\\...')
#6 C:\Users\shaku\Local Sites\viet-sport\app\public\index.php(17): require('C:\\Users\\shaku\\...')
#7 {main}
  thrown in C:\Users\shaku\Local Sites\viet-sport\app\public\wp-content\themes\swell_child\header-match.php on line 33
[05-Aug-2025 09:50:01 UTC] PHP Fatal error:  Uncaught Error: Call to undefined method SWELL_Theme::get_logo_img() in C:\Users\shaku\Local Sites\viet-sport\app\public\wp-content\themes\swell_child\header-match.php:33
Stack trace:
#0 C:\Users\shaku\Local Sites\viet-sport\app\public\wp-includes\template.php(810): require_once()
#1 C:\Users\shaku\Local Sites\viet-sport\app\public\wp-includes\template.php(745): load_template('C:\\Users\\shaku\\...', true, Array)
#2 C:\Users\shaku\Local Sites\viet-sport\app\public\wp-includes\general-template.php(48): locate_template(Array, true, true, Array)
#3 C:\Users\shaku\Local Sites\viet-sport\app\public\wp-content\themes\swell_child\page-search-match.php(9): get_header('match')
#4 C:\Users\shaku\Local Sites\viet-sport\app\public\wp-includes\template-loader.php(106): include('C:\\Users\\shaku\\...')
#5 C:\Users\shaku\Local Sites\viet-sport\app\public\wp-blog-header.php(19): require_once('C:\\Users\\shaku\\...')
#6 C:\Users\shaku\Local Sites\viet-sport\app\public\index.php(17): require('C:\\Users\\shaku\\...')
#7 {main}
  thrown in C:\Users\shaku\Local Sites\viet-sport\app\public\wp-content\themes\swell_child\header-match.php on line 33
[05-Aug-2025 09:50:08 UTC] PHP Fatal error:  Uncaught Error: Call to undefined method SWELL_Theme::get_logo_img() in C:\Users\shaku\Local Sites\viet-sport\app\public\wp-content\themes\swell_child\header-match.php:33
Stack trace:
#0 C:\Users\shaku\Local Sites\viet-sport\app\public\wp-includes\template.php(810): require_once()
#1 C:\Users\shaku\Local Sites\viet-sport\app\public\wp-includes\template.php(745): load_template('C:\\Users\\shaku\\...', true, Array)
#2 C:\Users\shaku\Local Sites\viet-sport\app\public\wp-includes\general-template.php(48): locate_template(Array, true, true, Array)
#3 C:\Users\shaku\Local Sites\viet-sport\app\public\wp-content\themes\swell_child\page-search-match.php(9): get_header('match')
#4 C:\Users\shaku\Local Sites\viet-sport\app\public\wp-includes\template-loader.php(106): include('C:\\Users\\shaku\\...')
#5 C:\Users\shaku\Local Sites\viet-sport\app\public\wp-blog-header.php(19): require_once('C:\\Users\\shaku\\...')
#6 C:\Users\shaku\Local Sites\viet-sport\app\public\index.php(17): require('C:\\Users\\shaku\\...')
#7 {main}
  thrown in C:\Users\shaku\Local Sites\viet-sport\app\public\wp-content\themes\swell_child\header-match.php on line 33
[05-Aug-2025 09:51:26 UTC] PHP Fatal error:  Uncaught Error: Call to undefined method SWELL_Theme::get_logo_img() in C:\Users\shaku\Local Sites\viet-sport\app\public\wp-content\themes\swell_child\header-match.php:33
Stack trace:
#0 C:\Users\shaku\Local Sites\viet-sport\app\public\wp-includes\template.php(810): require_once()
#1 C:\Users\shaku\Local Sites\viet-sport\app\public\wp-includes\template.php(745): load_template('C:\\Users\\shaku\\...', true, Array)
#2 C:\Users\shaku\Local Sites\viet-sport\app\public\wp-includes\general-template.php(48): locate_template(Array, true, true, Array)
#3 C:\Users\shaku\Local Sites\viet-sport\app\public\wp-content\themes\swell_child\page-search-match.php(9): get_header('match')
#4 C:\Users\shaku\Local Sites\viet-sport\app\public\wp-includes\template-loader.php(106): include('C:\\Users\\shaku\\...')
#5 C:\Users\shaku\Local Sites\viet-sport\app\public\wp-blog-header.php(19): require_once('C:\\Users\\shaku\\...')
#6 C:\Users\shaku\Local Sites\viet-sport\app\public\index.php(17): require('C:\\Users\\shaku\\...')
#7 {main}
  thrown in C:\Users\shaku\Local Sites\viet-sport\app\public\wp-content\themes\swell_child\header-match.php on line 33
[05-Aug-2025 09:52:12 UTC] PHP Deprecated:  strpos(): Passing null to parameter #1 ($haystack) of type string is deprecated in C:\Users\shaku\Local Sites\viet-sport\app\public\wp-content\themes\swell\lib\activate.php on line 10
[05-Aug-2025 09:54:35 UTC] PHP Fatal error:  Uncaught Error: Call to undefined method SWELL_Theme::get_logo_img() in C:\Users\shaku\Local Sites\viet-sport\app\public\wp-content\themes\swell_child\header-match.php:33
Stack trace:
#0 C:\Users\shaku\Local Sites\viet-sport\app\public\wp-includes\template.php(810): require_once()
#1 C:\Users\shaku\Local Sites\viet-sport\app\public\wp-includes\template.php(745): load_template('C:\\Users\\shaku\\...', true, Array)
#2 C:\Users\shaku\Local Sites\viet-sport\app\public\wp-includes\general-template.php(48): locate_template(Array, true, true, Array)
#3 C:\Users\shaku\Local Sites\viet-sport\app\public\wp-content\themes\swell_child\page-search-match.php(9): get_header('match')
#4 C:\Users\shaku\Local Sites\viet-sport\app\public\wp-includes\template-loader.php(106): include('C:\\Users\\shaku\\...')
#5 C:\Users\shaku\Local Sites\viet-sport\app\public\wp-blog-header.php(19): require_once('C:\\Users\\shaku\\...')
#6 C:\Users\shaku\Local Sites\viet-sport\app\public\index.php(17): require('C:\\Users\\shaku\\...')
#7 {main}
  thrown in C:\Users\shaku\Local Sites\viet-sport\app\public\wp-content\themes\swell_child\header-match.php on line 33
[05-Aug-2025 09:56:10 UTC] PHP Fatal error:  Uncaught Error: Call to undefined method SWELL_Theme::get_logo_img() in C:\Users\shaku\Local Sites\viet-sport\app\public\wp-content\themes\swell_child\header-match.php:21
Stack trace:
#0 C:\Users\shaku\Local Sites\viet-sport\app\public\wp-includes\template.php(810): require_once()
#1 C:\Users\shaku\Local Sites\viet-sport\app\public\wp-includes\template.php(745): load_template('C:\\Users\\shaku\\...', true, Array)
#2 C:\Users\shaku\Local Sites\viet-sport\app\public\wp-includes\general-template.php(48): locate_template(Array, true, true, Array)
#3 C:\Users\shaku\Local Sites\viet-sport\app\public\wp-content\themes\swell_child\page-search-match.php(9): get_header('match')
#4 C:\Users\shaku\Local Sites\viet-sport\app\public\wp-includes\template-loader.php(106): include('C:\\Users\\shaku\\...')
#5 C:\Users\shaku\Local Sites\viet-sport\app\public\wp-blog-header.php(19): require_once('C:\\Users\\shaku\\...')
#6 C:\Users\shaku\Local Sites\viet-sport\app\public\index.php(17): require('C:\\Users\\shaku\\...')
#7 {main}
  thrown in C:\Users\shaku\Local Sites\viet-sport\app\public\wp-content\themes\swell_child\header-match.php on line 21
[05-Aug-2025 09:56:16 UTC] PHP Fatal error:  Uncaught Error: Call to undefined method SWELL_Theme::get_logo_img() in C:\Users\shaku\Local Sites\viet-sport\app\public\wp-content\themes\swell_child\header-match.php:21
Stack trace:
#0 C:\Users\shaku\Local Sites\viet-sport\app\public\wp-includes\template.php(810): require_once()
#1 C:\Users\shaku\Local Sites\viet-sport\app\public\wp-includes\template.php(745): load_template('C:\\Users\\shaku\\...', true, Array)
#2 C:\Users\shaku\Local Sites\viet-sport\app\public\wp-includes\general-template.php(48): locate_template(Array, true, true, Array)
#3 C:\Users\shaku\Local Sites\viet-sport\app\public\wp-content\themes\swell_child\page-search-match.php(9): get_header('match')
#4 C:\Users\shaku\Local Sites\viet-sport\app\public\wp-includes\template-loader.php(106): include('C:\\Users\\shaku\\...')
#5 C:\Users\shaku\Local Sites\viet-sport\app\public\wp-blog-header.php(19): require_once('C:\\Users\\shaku\\...')
#6 C:\Users\shaku\Local Sites\viet-sport\app\public\index.php(17): require('C:\\Users\\shaku\\...')
#7 {main}
  thrown in C:\Users\shaku\Local Sites\viet-sport\app\public\wp-content\themes\swell_child\header-match.php on line 21
[05-Aug-2025 11:03:06 UTC] PHP Deprecated:  Function the_block_template_skip_link is <strong>deprecated</strong> since version 6.4.0! Use wp_enqueue_block_template_skip_link() instead. in C:\Users\shaku\Local Sites\viet-sport\app\public\wp-includes\functions.php on line 6121
[05-Aug-2025 11:03:27 UTC] PHP Deprecated:  Function the_block_template_skip_link is <strong>deprecated</strong> since version 6.4.0! Use wp_enqueue_block_template_skip_link() instead. in C:\Users\shaku\Local Sites\viet-sport\app\public\wp-includes\functions.php on line 6121
[05-Aug-2025 11:07:50 UTC] PHP Deprecated:  Function the_block_template_skip_link is <strong>deprecated</strong> since version 6.4.0! Use wp_enqueue_block_template_skip_link() instead. in C:\Users\shaku\Local Sites\viet-sport\app\public\wp-includes\functions.php on line 6121
[05-Aug-2025 11:16:21 UTC] Automatic updates starting...
[05-Aug-2025 11:16:22 UTC]   Automatic plugin updates starting...
[05-Aug-2025 11:16:22 UTC]   Automatic plugin updates complete.
[05-Aug-2025 11:16:23 UTC] Automatic updates complete.
