[WP STAGING Shutdown Function][E_ERROR][2025-07-31 18:46:39] Uncaught Error: Failed opening required 'C:\Users\shaku\Local Sites\viet-sport\app\public\wp-content\themes\swell_child\includes/setup-japan-prefectures.php' (include_path='.:/usr/share/php:/www/wp-content/pear') in C:\Users\shaku\Local Sites\viet-sport\app\public\wp-content\themes\swell_child\includes\load.php:29
Stack trace:
#0 C:\Users\shaku\Local Sites\viet-sport\app\public\wp-content\themes\swell_child\functions.php(39): require_once()
#1 C:\Users\shaku\Local Sites\viet-sport\app\public\wp-settings.php(695): include('C:\\Users\\shaku\\...')
#2 C:\Users\shaku\Local Sites\viet-sport\app\public\wp-config.php(107): require_once('C:\\Users\\shaku\\...')
#3 C:\Users\shaku\Local Sites\viet-sport\app\public\wp-load.php(50): require_once('C:\\Users\\shaku\\...')
#4 C:\Users\shaku\Local Sites\viet-sport\app\public\wp-admin\admin-ajax.php(22): require_once('C:\\Users\\shaku\\...')
#5 {main}
  thrown - File: C:\Users\shaku\Local Sites\viet-sport\app\public\wp-content\themes\swell_child\includes\load.php Line: 29 | Is it Fatal Error? Yes | Is it Thrown by WP STAGING? No
[WP STAGING Shutdown Function][E_ERROR][2025-07-31 18:46:39] Uncaught Error: Failed opening required 'C:\Users\shaku\Local Sites\viet-sport\app\public\wp-content\themes\swell_child\includes/setup-japan-prefectures.php' (include_path='.:/usr/share/php:/www/wp-content/pear') in C:\Users\shaku\Local Sites\viet-sport\app\public\wp-content\themes\swell_child\includes\load.php:29
Stack trace:
#0 C:\Users\shaku\Local Sites\viet-sport\app\public\wp-content\themes\swell_child\functions.php(39): require_once()
#1 C:\Users\shaku\Local Sites\viet-sport\app\public\wp-settings.php(695): include('C:\\Users\\shaku\\...')
#2 C:\Users\shaku\Local Sites\viet-sport\app\public\wp-config.php(107): require_once('C:\\Users\\shaku\\...')
#3 C:\Users\shaku\Local Sites\viet-sport\app\public\wp-load.php(50): require_once('C:\\Users\\shaku\\...')
#4 C:\Users\shaku\Local Sites\viet-sport\app\public\wp-admin\admin.php(35): require_once('C:\\Users\\shaku\\...')
#5 C:\Users\shaku\Local Sites\viet-sport\app\public\wp-admin\edit.php(10): require_once('C:\\Users\\shaku\\...')
#6 {main}
  thrown - File: C:\Users\shaku\Local Sites\viet-sport\app\public\wp-content\themes\swell_child\includes\load.php Line: 29 | Is it Fatal Error? Yes | Is it Thrown by WP STAGING? No
[WP STAGING Shutdown Function][E_ERROR][2025-07-31 19:07:40] Uncaught Error: Failed opening required 'C:\Users\shaku\Local Sites\viet-sport\app\public\wp-content\themes\swell_child\includes/setup-japan-prefectures.php' (include_path='.:/usr/share/php:/www/wp-content/pear') in C:\Users\shaku\Local Sites\viet-sport\app\public\wp-content\themes\swell_child\includes\load.php:35
Stack trace:
#0 C:\Users\shaku\Local Sites\viet-sport\app\public\wp-content\themes\swell_child\functions.php(39): require_once()
#1 C:\Users\shaku\Local Sites\viet-sport\app\public\wp-settings.php(695): include('C:\\Users\\shaku\\...')
#2 C:\Users\shaku\Local Sites\viet-sport\app\public\wp-config.php(107): require_once('C:\\Users\\shaku\\...')
#3 C:\Users\shaku\Local Sites\viet-sport\app\public\wp-load.php(50): require_once('C:\\Users\\shaku\\...')
#4 C:\Users\shaku\Local Sites\viet-sport\app\public\wp-blog-header.php(13): require_once('C:\\Users\\shaku\\...')
#5 C:\Users\shaku\Local Sites\viet-sport\app\public\index.php(17): require('C:\\Users\\shaku\\...')
#6 {main}
  thrown - File: C:\Users\shaku\Local Sites\viet-sport\app\public\wp-content\themes\swell_child\includes\load.php Line: 35 | Is it Fatal Error? Yes | Is it Thrown by WP STAGING? No
